<?xml version="1.0" encoding="UTF-8"?>
<testng-results ignored="0" total="1" passed="1" failed="0" skipped="0">
  <reporter-output>
  </reporter-output>
  <suite started-at="2023-05-19T15:42:12 IST" name="Suite" finished-at="2023-05-19T15:43:02 IST" duration-ms="50084">
    <groups>
    </groups>
    <test started-at="2023-05-19T15:42:12 IST" name="Test" finished-at="2023-05-19T15:43:02 IST" duration-ms="50084">
      <class name="Test_Classes.Test_Class_1">
        <test-method is-config="true" signature="openBrowser23()[pri:0, instance:Test_Classes.Test_Class_1@333291e3]" started-at="2023-05-19T15:42:12 IST" name="openBrowser23" finished-at="2023-05-19T15:42:26 IST" duration-ms="13961" status="PASS">
          <reporter-output>
          </reporter-output>
        </test-method> <!-- openBrowser23 -->
        <test-method is-config="true" signature="login23()[pri:0, instance:Test_Classes.Test_Class_1@333291e3]" started-at="2023-05-19T15:42:26 IST" name="login23" finished-at="2023-05-19T15:42:40 IST" duration-ms="13611" status="PASS">
          <reporter-output>
          </reporter-output>
        </test-method> <!-- login23 -->
        <test-method signature="verifyusername22()[pri:0, instance:Test_Classes.Test_Class_1@333291e3]" started-at="2023-05-19T15:42:40 IST" name="verifyusername22" finished-at="2023-05-19T15:42:40 IST" duration-ms="458" status="PASS">
          <reporter-output>
          </reporter-output>
        </test-method> <!-- verifyusername22 -->
        <test-method is-config="true" signature="logout22(org.testng.ITestResult)[pri:0, instance:Test_Classes.Test_Class_1@333291e3]" started-at="2023-05-19T15:42:40 IST" name="logout22" finished-at="2023-05-19T15:43:01 IST" duration-ms="20482" status="PASS">
          <params>
            <param index="0">
              <value>
                <![CDATA[[TestResult name=verifyusername22 status=SUCCESS method=Test_Class_1.verifyusername22()[pri:0, instance:Test_Classes.Test_Class_1@333291e3] output={null}]]]>
              </value>
            </param>
          </params>
          <reporter-output>
          </reporter-output>
        </test-method> <!-- logout22 -->
        <test-method is-config="true" signature="closeBrowser()[pri:0, instance:Test_Classes.Test_Class_1@333291e3]" started-at="2023-05-19T15:43:01 IST" name="closeBrowser" finished-at="2023-05-19T15:43:02 IST" duration-ms="1496" status="PASS">
          <reporter-output>
          </reporter-output>
        </test-method> <!-- closeBrowser -->
      </class> <!-- Test_Classes.Test_Class_1 -->
    </test> <!-- Test -->
  </suite> <!-- Suite -->
</testng-results>
